extern void* irq0_handler(int irq, int error);
extern void* irq1_handler(int irq, int error);
extern void* irq2_handler(int irq, int error);
extern void* irq3_handler(int irq, int error);
extern void* irq4_handler(int irq, int error);
extern void* irq5_handler(int irq, int error);
extern void* irq6_handler(int irq, int error);
extern void* irq7_handler(int irq, int error);
extern void* irq8_handler(int irq, int error);
extern void* irq9_handler(int irq, int error);
extern void* irq10_handler(int irq, int error);
extern void* irq11_handler(int irq, int error);
extern void* irq12_handler(int irq, int error);
extern void* irq13_handler(int irq, int error);
extern void* irq14_handler(int irq, int error);
extern void* irq15_handler(int irq, int error);
extern void* irq16_handler(int irq, int error);
extern void* irq17_handler(int irq, int error);
extern void* irq18_handler(int irq, int error);
extern void* irq19_handler(int irq, int error);
extern void* irq20_handler(int irq, int error);
extern void* irq21_handler(int irq, int error);
extern void* irq22_handler(int irq, int error);
extern void* irq23_handler(int irq, int error);
extern void* irq24_handler(int irq, int error);
extern void* irq25_handler(int irq, int error);
extern void* irq26_handler(int irq, int error);
extern void* irq27_handler(int irq, int error);
extern void* irq28_handler(int irq, int error);
extern void* irq29_handler(int irq, int error);
extern void* irq30_handler(int irq, int error);
extern void* irq31_handler(int irq, int error);
extern void* irq32_handler(int irq, int error);
extern void* irq33_handler(int irq, int error);
extern void* irq34_handler(int irq, int error);
extern void* irq35_handler(int irq, int error);
extern void* irq36_handler(int irq, int error);
extern void* irq37_handler(int irq, int error);
extern void* irq38_handler(int irq, int error);
extern void* irq39_handler(int irq, int error);
extern void* irq40_handler(int irq, int error);
extern void* irq41_handler(int irq, int error);
extern void* irq42_handler(int irq, int error);
extern void* irq43_handler(int irq, int error);
extern void* irq44_handler(int irq, int error);
extern void* irq45_handler(int irq, int error);
extern void* irq46_handler(int irq, int error);
extern void* irq47_handler(int irq, int error);
extern void* irq48_handler(int irq, int error);
extern void* irq49_handler(int irq, int error);
extern void* irq50_handler(int irq, int error);
extern void* irq51_handler(int irq, int error);
extern void* irq52_handler(int irq, int error);
extern void* irq53_handler(int irq, int error);
extern void* irq54_handler(int irq, int error);
extern void* irq55_handler(int irq, int error);
extern void* irq56_handler(int irq, int error);
extern void* irq57_handler(int irq, int error);
extern void* irq58_handler(int irq, int error);
extern void* irq59_handler(int irq, int error);
extern void* irq60_handler(int irq, int error);
extern void* irq61_handler(int irq, int error);
extern void* irq62_handler(int irq, int error);
extern void* irq63_handler(int irq, int error);
extern void* irq64_handler(int irq, int error);
extern void* irq65_handler(int irq, int error);
extern void* irq66_handler(int irq, int error);
extern void* irq67_handler(int irq, int error);
extern void* irq68_handler(int irq, int error);
extern void* irq69_handler(int irq, int error);
extern void* irq70_handler(int irq, int error);
extern void* irq71_handler(int irq, int error);
extern void* irq72_handler(int irq, int error);
extern void* irq73_handler(int irq, int error);
extern void* irq74_handler(int irq, int error);
extern void* irq75_handler(int irq, int error);
extern void* irq76_handler(int irq, int error);
extern void* irq77_handler(int irq, int error);
extern void* irq78_handler(int irq, int error);
extern void* irq79_handler(int irq, int error);
extern void* irq80_handler(int irq, int error);
extern void* irq81_handler(int irq, int error);
extern void* irq82_handler(int irq, int error);
extern void* irq83_handler(int irq, int error);
extern void* irq84_handler(int irq, int error);
extern void* irq85_handler(int irq, int error);
extern void* irq86_handler(int irq, int error);
extern void* irq87_handler(int irq, int error);
extern void* irq88_handler(int irq, int error);
extern void* irq89_handler(int irq, int error);
extern void* irq90_handler(int irq, int error);
extern void* irq91_handler(int irq, int error);
extern void* irq92_handler(int irq, int error);
extern void* irq93_handler(int irq, int error);
extern void* irq94_handler(int irq, int error);
extern void* irq95_handler(int irq, int error);
extern void* irq96_handler(int irq, int error);
extern void* irq97_handler(int irq, int error);
extern void* irq98_handler(int irq, int error);
extern void* irq99_handler(int irq, int error);
extern void* irq100_handler(int irq, int error);
extern void* irq101_handler(int irq, int error);
extern void* irq102_handler(int irq, int error);
extern void* irq103_handler(int irq, int error);
extern void* irq104_handler(int irq, int error);
extern void* irq105_handler(int irq, int error);
extern void* irq106_handler(int irq, int error);
extern void* irq107_handler(int irq, int error);
extern void* irq108_handler(int irq, int error);
extern void* irq109_handler(int irq, int error);
extern void* irq110_handler(int irq, int error);
extern void* irq111_handler(int irq, int error);
extern void* irq112_handler(int irq, int error);
extern void* irq113_handler(int irq, int error);
extern void* irq114_handler(int irq, int error);
extern void* irq115_handler(int irq, int error);
extern void* irq116_handler(int irq, int error);
extern void* irq117_handler(int irq, int error);
extern void* irq118_handler(int irq, int error);
extern void* irq119_handler(int irq, int error);
extern void* irq120_handler(int irq, int error);
extern void* irq121_handler(int irq, int error);
extern void* irq122_handler(int irq, int error);
extern void* irq123_handler(int irq, int error);
extern void* irq124_handler(int irq, int error);
extern void* irq125_handler(int irq, int error);
extern void* irq126_handler(int irq, int error);
extern void* irq127_handler(int irq, int error);
extern void* irq128_handler(int irq, int error);
extern void* irq129_handler(int irq, int error);
extern void* irq130_handler(int irq, int error);
extern void* irq131_handler(int irq, int error);
extern void* irq132_handler(int irq, int error);
extern void* irq133_handler(int irq, int error);
extern void* irq134_handler(int irq, int error);
extern void* irq135_handler(int irq, int error);
extern void* irq136_handler(int irq, int error);
extern void* irq137_handler(int irq, int error);
extern void* irq138_handler(int irq, int error);
extern void* irq139_handler(int irq, int error);
extern void* irq140_handler(int irq, int error);
extern void* irq141_handler(int irq, int error);
extern void* irq142_handler(int irq, int error);
extern void* irq143_handler(int irq, int error);
extern void* irq144_handler(int irq, int error);
extern void* irq145_handler(int irq, int error);
extern void* irq146_handler(int irq, int error);
extern void* irq147_handler(int irq, int error);
extern void* irq148_handler(int irq, int error);
extern void* irq149_handler(int irq, int error);
extern void* irq150_handler(int irq, int error);
extern void* irq151_handler(int irq, int error);
extern void* irq152_handler(int irq, int error);
extern void* irq153_handler(int irq, int error);
extern void* irq154_handler(int irq, int error);
extern void* irq155_handler(int irq, int error);
extern void* irq156_handler(int irq, int error);
extern void* irq157_handler(int irq, int error);
extern void* irq158_handler(int irq, int error);
extern void* irq159_handler(int irq, int error);
extern void* irq160_handler(int irq, int error);
extern void* irq161_handler(int irq, int error);
extern void* irq162_handler(int irq, int error);
extern void* irq163_handler(int irq, int error);
extern void* irq164_handler(int irq, int error);
extern void* irq165_handler(int irq, int error);
extern void* irq166_handler(int irq, int error);
extern void* irq167_handler(int irq, int error);
extern void* irq168_handler(int irq, int error);
extern void* irq169_handler(int irq, int error);
extern void* irq170_handler(int irq, int error);
extern void* irq171_handler(int irq, int error);
extern void* irq172_handler(int irq, int error);
extern void* irq173_handler(int irq, int error);
extern void* irq174_handler(int irq, int error);
extern void* irq175_handler(int irq, int error);
extern void* irq176_handler(int irq, int error);
extern void* irq177_handler(int irq, int error);
extern void* irq178_handler(int irq, int error);
extern void* irq179_handler(int irq, int error);
extern void* irq180_handler(int irq, int error);
extern void* irq181_handler(int irq, int error);
extern void* irq182_handler(int irq, int error);
extern void* irq183_handler(int irq, int error);
extern void* irq184_handler(int irq, int error);
extern void* irq185_handler(int irq, int error);
extern void* irq186_handler(int irq, int error);
extern void* irq187_handler(int irq, int error);
extern void* irq188_handler(int irq, int error);
extern void* irq189_handler(int irq, int error);
extern void* irq190_handler(int irq, int error);
extern void* irq191_handler(int irq, int error);
extern void* irq192_handler(int irq, int error);
extern void* irq193_handler(int irq, int error);
extern void* irq194_handler(int irq, int error);
extern void* irq195_handler(int irq, int error);
extern void* irq196_handler(int irq, int error);
extern void* irq197_handler(int irq, int error);
extern void* irq198_handler(int irq, int error);
extern void* irq199_handler(int irq, int error);
extern void* irq200_handler(int irq, int error);
extern void* irq201_handler(int irq, int error);
extern void* irq202_handler(int irq, int error);
extern void* irq203_handler(int irq, int error);
extern void* irq204_handler(int irq, int error);
extern void* irq205_handler(int irq, int error);
extern void* irq206_handler(int irq, int error);
extern void* irq207_handler(int irq, int error);
extern void* irq208_handler(int irq, int error);
extern void* irq209_handler(int irq, int error);
extern void* irq210_handler(int irq, int error);
extern void* irq211_handler(int irq, int error);
extern void* irq212_handler(int irq, int error);
extern void* irq213_handler(int irq, int error);
extern void* irq214_handler(int irq, int error);
extern void* irq215_handler(int irq, int error);
extern void* irq216_handler(int irq, int error);
extern void* irq217_handler(int irq, int error);
extern void* irq218_handler(int irq, int error);
extern void* irq219_handler(int irq, int error);
extern void* irq220_handler(int irq, int error);
extern void* irq221_handler(int irq, int error);
extern void* irq222_handler(int irq, int error);
extern void* irq223_handler(int irq, int error);
extern void* irq224_handler(int irq, int error);
extern void* irq225_handler(int irq, int error);
extern void* irq226_handler(int irq, int error);
extern void* irq227_handler(int irq, int error);
extern void* irq228_handler(int irq, int error);
extern void* irq229_handler(int irq, int error);
extern void* irq230_handler(int irq, int error);
extern void* irq231_handler(int irq, int error);
extern void* irq232_handler(int irq, int error);
extern void* irq233_handler(int irq, int error);
extern void* irq234_handler(int irq, int error);
extern void* irq235_handler(int irq, int error);
extern void* irq236_handler(int irq, int error);
extern void* irq237_handler(int irq, int error);
extern void* irq238_handler(int irq, int error);
extern void* irq239_handler(int irq, int error);
extern void* irq240_handler(int irq, int error);
extern void* irq241_handler(int irq, int error);
extern void* irq242_handler(int irq, int error);
extern void* irq243_handler(int irq, int error);
extern void* irq244_handler(int irq, int error);
extern void* irq245_handler(int irq, int error);
extern void* irq246_handler(int irq, int error);
extern void* irq247_handler(int irq, int error);
extern void* irq248_handler(int irq, int error);
extern void* irq249_handler(int irq, int error);
extern void* irq250_handler(int irq, int error);
extern void* irq251_handler(int irq, int error);
extern void* irq252_handler(int irq, int error);
extern void* irq253_handler(int irq, int error);
extern void* irq254_handler(int irq, int error);
extern void* irq255_handler(int irq, int error);


	irqaddr = (uint64_t) &irq0_handler;
	temp.OFF63_32 = (uint32_t) (irqaddr >> 32);
	temp.OFF31_16 = (uint16_t) (irqaddr >> 16);
	temp.OFF15_0 = (uint16_t) irqaddr;
	IDT[0] = temp;

	irqaddr = (uint64_t) &irq1_handler;
	temp.OFF63_32 = (uint32_t) (irqaddr >> 32);
	temp.OFF31_16 = (uint16_t) (irqaddr >> 16);
	temp.OFF15_0 = (uint16_t) irqaddr;
	IDT[1] = temp;

	irqaddr = (uint64_t) &irq2_handler;
	temp.OFF63_32 = (uint32_t) (irqaddr >> 32);
	temp.OFF31_16 = (uint16_t) (irqaddr >> 16);
	temp.OFF15_0 = (uint16_t) irqaddr;
	IDT[2] = temp;

	irqaddr = (uint64_t) &irq3_handler;
	temp.OFF63_32 = (uint32_t) (irqaddr >> 32);
	temp.OFF31_16 = (uint16_t) (irqaddr >> 16);
	temp.OFF15_0 = (uint16_t) irqaddr;
	IDT[3] = temp;

	irqaddr = (uint64_t) &irq4_handler;
	temp.OFF63_32 = (uint32_t) (irqaddr >> 32);
	temp.OFF31_16 = (uint16_t) (irqaddr >> 16);
	temp.OFF15_0 = (uint16_t) irqaddr;
	IDT[4] = temp;

	irqaddr = (uint64_t) &irq5_handler;
	temp.OFF63_32 = (uint32_t) (irqaddr >> 32);
	temp.OFF31_16 = (uint16_t) (irqaddr >> 16);
	temp.OFF15_0 = (uint16_t) irqaddr;
	IDT[5] = temp;

	irqaddr = (uint64_t) &irq6_handler;
	temp.OFF63_32 = (uint32_t) (irqaddr >> 32);
	temp.OFF31_16 = (uint16_t) (irqaddr >> 16);
	temp.OFF15_0 = (uint16_t) irqaddr;
	IDT[6] = temp;

	irqaddr = (uint64_t) &irq7_handler;
	temp.OFF63_32 = (uint32_t) (irqaddr >> 32);
	temp.OFF31_16 = (uint16_t) (irqaddr >> 16);
	temp.OFF15_0 = (uint16_t) irqaddr;
	IDT[7] = temp;

	irqaddr = (uint64_t) &irq8_handler;
	temp.OFF63_32 = (uint32_t) (irqaddr >> 32);
	temp.OFF31_16 = (uint16_t) (irqaddr >> 16);
	temp.OFF15_0 = (uint16_t) irqaddr;
	IDT[8] = temp;

	irqaddr = (uint64_t) &irq9_handler;
	temp.OFF63_32 = (uint32_t) (irqaddr >> 32);
	temp.OFF31_16 = (uint16_t) (irqaddr >> 16);
	temp.OFF15_0 = (uint16_t) irqaddr;
	IDT[9] = temp;

	irqaddr = (uint64_t) &irq10_handler;
	temp.OFF63_32 = (uint32_t) (irqaddr >> 32);
	temp.OFF31_16 = (uint16_t) (irqaddr >> 16);
	temp.OFF15_0 = (uint16_t) irqaddr;
	IDT[10] = temp;

	irqaddr = (uint64_t) &irq11_handler;
	temp.OFF63_32 = (uint32_t) (irqaddr >> 32);
	temp.OFF31_16 = (uint16_t) (irqaddr >> 16);
	temp.OFF15_0 = (uint16_t) irqaddr;
	IDT[11] = temp;

	irqaddr = (uint64_t) &irq12_handler;
	temp.OFF63_32 = (uint32_t) (irqaddr >> 32);
	temp.OFF31_16 = (uint16_t) (irqaddr >> 16);
	temp.OFF15_0 = (uint16_t) irqaddr;
	IDT[12] = temp;

	irqaddr = (uint64_t) &irq13_handler;
	temp.OFF63_32 = (uint32_t) (irqaddr >> 32);
	temp.OFF31_16 = (uint16_t) (irqaddr >> 16);
	temp.OFF15_0 = (uint16_t) irqaddr;
	IDT[13] = temp;

	irqaddr = (uint64_t) &irq14_handler;
	temp.OFF63_32 = (uint32_t) (irqaddr >> 32);
	temp.OFF31_16 = (uint16_t) (irqaddr >> 16);
	temp.OFF15_0 = (uint16_t) irqaddr;
	IDT[14] = temp;

	irqaddr = (uint64_t) &irq15_handler;
	temp.OFF63_32 = (uint32_t) (irqaddr >> 32);
	temp.OFF31_16 = (uint16_t) (irqaddr >> 16);
	temp.OFF15_0 = (uint16_t) irqaddr;
	IDT[15] = temp;

	irqaddr = (uint64_t) &irq16_handler;
	temp.OFF63_32 = (uint32_t) (irqaddr >> 32);
	temp.OFF31_16 = (uint16_t) (irqaddr >> 16);
	temp.OFF15_0 = (uint16_t) irqaddr;
	IDT[16] = temp;

	irqaddr = (uint64_t) &irq17_handler;
	temp.OFF63_32 = (uint32_t) (irqaddr >> 32);
	temp.OFF31_16 = (uint16_t) (irqaddr >> 16);
	temp.OFF15_0 = (uint16_t) irqaddr;
	IDT[17] = temp;

	irqaddr = (uint64_t) &irq18_handler;
	temp.OFF63_32 = (uint32_t) (irqaddr >> 32);
	temp.OFF31_16 = (uint16_t) (irqaddr >> 16);
	temp.OFF15_0 = (uint16_t) irqaddr;
	IDT[18] = temp;

	irqaddr = (uint64_t) &irq19_handler;
	temp.OFF63_32 = (uint32_t) (irqaddr >> 32);
	temp.OFF31_16 = (uint16_t) (irqaddr >> 16);
	temp.OFF15_0 = (uint16_t) irqaddr;
	IDT[19] = temp;

	irqaddr = (uint64_t) &irq20_handler;
	temp.OFF63_32 = (uint32_t) (irqaddr >> 32);
	temp.OFF31_16 = (uint16_t) (irqaddr >> 16);
	temp.OFF15_0 = (uint16_t) irqaddr;
	IDT[20] = temp;

	irqaddr = (uint64_t) &irq21_handler;
	temp.OFF63_32 = (uint32_t) (irqaddr >> 32);
	temp.OFF31_16 = (uint16_t) (irqaddr >> 16);
	temp.OFF15_0 = (uint16_t) irqaddr;
	IDT[21] = temp;

	irqaddr = (uint64_t) &irq22_handler;
	temp.OFF63_32 = (uint32_t) (irqaddr >> 32);
	temp.OFF31_16 = (uint16_t) (irqaddr >> 16);
	temp.OFF15_0 = (uint16_t) irqaddr;
	IDT[22] = temp;

	irqaddr = (uint64_t) &irq23_handler;
	temp.OFF63_32 = (uint32_t) (irqaddr >> 32);
	temp.OFF31_16 = (uint16_t) (irqaddr >> 16);
	temp.OFF15_0 = (uint16_t) irqaddr;
	IDT[23] = temp;

	irqaddr = (uint64_t) &irq24_handler;
	temp.OFF63_32 = (uint32_t) (irqaddr >> 32);
	temp.OFF31_16 = (uint16_t) (irqaddr >> 16);
	temp.OFF15_0 = (uint16_t) irqaddr;
	IDT[24] = temp;

	irqaddr = (uint64_t) &irq25_handler;
	temp.OFF63_32 = (uint32_t) (irqaddr >> 32);
	temp.OFF31_16 = (uint16_t) (irqaddr >> 16);
	temp.OFF15_0 = (uint16_t) irqaddr;
	IDT[25] = temp;

	irqaddr = (uint64_t) &irq26_handler;
	temp.OFF63_32 = (uint32_t) (irqaddr >> 32);
	temp.OFF31_16 = (uint16_t) (irqaddr >> 16);
	temp.OFF15_0 = (uint16_t) irqaddr;
	IDT[26] = temp;

	irqaddr = (uint64_t) &irq27_handler;
	temp.OFF63_32 = (uint32_t) (irqaddr >> 32);
	temp.OFF31_16 = (uint16_t) (irqaddr >> 16);
	temp.OFF15_0 = (uint16_t) irqaddr;
	IDT[27] = temp;

	irqaddr = (uint64_t) &irq28_handler;
	temp.OFF63_32 = (uint32_t) (irqaddr >> 32);
	temp.OFF31_16 = (uint16_t) (irqaddr >> 16);
	temp.OFF15_0 = (uint16_t) irqaddr;
	IDT[28] = temp;

	irqaddr = (uint64_t) &irq29_handler;
	temp.OFF63_32 = (uint32_t) (irqaddr >> 32);
	temp.OFF31_16 = (uint16_t) (irqaddr >> 16);
	temp.OFF15_0 = (uint16_t) irqaddr;
	IDT[29] = temp;

	irqaddr = (uint64_t) &irq30_handler;
	temp.OFF63_32 = (uint32_t) (irqaddr >> 32);
	temp.OFF31_16 = (uint16_t) (irqaddr >> 16);
	temp.OFF15_0 = (uint16_t) irqaddr;
	IDT[30] = temp;

	irqaddr = (uint64_t) &irq31_handler;
	temp.OFF63_32 = (uint32_t) (irqaddr >> 32);
	temp.OFF31_16 = (uint16_t) (irqaddr >> 16);
	temp.OFF15_0 = (uint16_t) irqaddr;
	IDT[31] = temp;

	irqaddr = (uint64_t) &irq32_handler;
	temp.OFF63_32 = (uint32_t) (irqaddr >> 32);
	temp.OFF31_16 = (uint16_t) (irqaddr >> 16);
	temp.OFF15_0 = (uint16_t) irqaddr;
	IDT[32] = temp;

	irqaddr = (uint64_t) &irq33_handler;
	temp.OFF63_32 = (uint32_t) (irqaddr >> 32);
	temp.OFF31_16 = (uint16_t) (irqaddr >> 16);
	temp.OFF15_0 = (uint16_t) irqaddr;
	IDT[33] = temp;

	irqaddr = (uint64_t) &irq34_handler;
	temp.OFF63_32 = (uint32_t) (irqaddr >> 32);
	temp.OFF31_16 = (uint16_t) (irqaddr >> 16);
	temp.OFF15_0 = (uint16_t) irqaddr;
	IDT[34] = temp;

	irqaddr = (uint64_t) &irq35_handler;
	temp.OFF63_32 = (uint32_t) (irqaddr >> 32);
	temp.OFF31_16 = (uint16_t) (irqaddr >> 16);
	temp.OFF15_0 = (uint16_t) irqaddr;
	IDT[35] = temp;

	irqaddr = (uint64_t) &irq36_handler;
	temp.OFF63_32 = (uint32_t) (irqaddr >> 32);
	temp.OFF31_16 = (uint16_t) (irqaddr >> 16);
	temp.OFF15_0 = (uint16_t) irqaddr;
	IDT[36] = temp;

	irqaddr = (uint64_t) &irq37_handler;
	temp.OFF63_32 = (uint32_t) (irqaddr >> 32);
	temp.OFF31_16 = (uint16_t) (irqaddr >> 16);
	temp.OFF15_0 = (uint16_t) irqaddr;
	IDT[37] = temp;

	irqaddr = (uint64_t) &irq38_handler;
	temp.OFF63_32 = (uint32_t) (irqaddr >> 32);
	temp.OFF31_16 = (uint16_t) (irqaddr >> 16);
	temp.OFF15_0 = (uint16_t) irqaddr;
	IDT[38] = temp;

	irqaddr = (uint64_t) &irq39_handler;
	temp.OFF63_32 = (uint32_t) (irqaddr >> 32);
	temp.OFF31_16 = (uint16_t) (irqaddr >> 16);
	temp.OFF15_0 = (uint16_t) irqaddr;
	IDT[39] = temp;

	irqaddr = (uint64_t) &irq40_handler;
	temp.OFF63_32 = (uint32_t) (irqaddr >> 32);
	temp.OFF31_16 = (uint16_t) (irqaddr >> 16);
	temp.OFF15_0 = (uint16_t) irqaddr;
	IDT[40] = temp;

	irqaddr = (uint64_t) &irq41_handler;
	temp.OFF63_32 = (uint32_t) (irqaddr >> 32);
	temp.OFF31_16 = (uint16_t) (irqaddr >> 16);
	temp.OFF15_0 = (uint16_t) irqaddr;
	IDT[41] = temp;

	irqaddr = (uint64_t) &irq42_handler;
	temp.OFF63_32 = (uint32_t) (irqaddr >> 32);
	temp.OFF31_16 = (uint16_t) (irqaddr >> 16);
	temp.OFF15_0 = (uint16_t) irqaddr;
	IDT[42] = temp;

	irqaddr = (uint64_t) &irq43_handler;
	temp.OFF63_32 = (uint32_t) (irqaddr >> 32);
	temp.OFF31_16 = (uint16_t) (irqaddr >> 16);
	temp.OFF15_0 = (uint16_t) irqaddr;
	IDT[43] = temp;

	irqaddr = (uint64_t) &irq44_handler;
	temp.OFF63_32 = (uint32_t) (irqaddr >> 32);
	temp.OFF31_16 = (uint16_t) (irqaddr >> 16);
	temp.OFF15_0 = (uint16_t) irqaddr;
	IDT[44] = temp;

	irqaddr = (uint64_t) &irq45_handler;
	temp.OFF63_32 = (uint32_t) (irqaddr >> 32);
	temp.OFF31_16 = (uint16_t) (irqaddr >> 16);
	temp.OFF15_0 = (uint16_t) irqaddr;
	IDT[45] = temp;

	irqaddr = (uint64_t) &irq46_handler;
	temp.OFF63_32 = (uint32_t) (irqaddr >> 32);
	temp.OFF31_16 = (uint16_t) (irqaddr >> 16);
	temp.OFF15_0 = (uint16_t) irqaddr;
	IDT[46] = temp;

	irqaddr = (uint64_t) &irq47_handler;
	temp.OFF63_32 = (uint32_t) (irqaddr >> 32);
	temp.OFF31_16 = (uint16_t) (irqaddr >> 16);
	temp.OFF15_0 = (uint16_t) irqaddr;
	IDT[47] = temp;

	irqaddr = (uint64_t) &irq48_handler;
	temp.OFF63_32 = (uint32_t) (irqaddr >> 32);
	temp.OFF31_16 = (uint16_t) (irqaddr >> 16);
	temp.OFF15_0 = (uint16_t) irqaddr;
	IDT[48] = temp;

	irqaddr = (uint64_t) &irq49_handler;
	temp.OFF63_32 = (uint32_t) (irqaddr >> 32);
	temp.OFF31_16 = (uint16_t) (irqaddr >> 16);
	temp.OFF15_0 = (uint16_t) irqaddr;
	IDT[49] = temp;

	irqaddr = (uint64_t) &irq50_handler;
	temp.OFF63_32 = (uint32_t) (irqaddr >> 32);
	temp.OFF31_16 = (uint16_t) (irqaddr >> 16);
	temp.OFF15_0 = (uint16_t) irqaddr;
	IDT[50] = temp;

	irqaddr = (uint64_t) &irq51_handler;
	temp.OFF63_32 = (uint32_t) (irqaddr >> 32);
	temp.OFF31_16 = (uint16_t) (irqaddr >> 16);
	temp.OFF15_0 = (uint16_t) irqaddr;
	IDT[51] = temp;

	irqaddr = (uint64_t) &irq52_handler;
	temp.OFF63_32 = (uint32_t) (irqaddr >> 32);
	temp.OFF31_16 = (uint16_t) (irqaddr >> 16);
	temp.OFF15_0 = (uint16_t) irqaddr;
	IDT[52] = temp;

	irqaddr = (uint64_t) &irq53_handler;
	temp.OFF63_32 = (uint32_t) (irqaddr >> 32);
	temp.OFF31_16 = (uint16_t) (irqaddr >> 16);
	temp.OFF15_0 = (uint16_t) irqaddr;
	IDT[53] = temp;

	irqaddr = (uint64_t) &irq54_handler;
	temp.OFF63_32 = (uint32_t) (irqaddr >> 32);
	temp.OFF31_16 = (uint16_t) (irqaddr >> 16);
	temp.OFF15_0 = (uint16_t) irqaddr;
	IDT[54] = temp;

	irqaddr = (uint64_t) &irq55_handler;
	temp.OFF63_32 = (uint32_t) (irqaddr >> 32);
	temp.OFF31_16 = (uint16_t) (irqaddr >> 16);
	temp.OFF15_0 = (uint16_t) irqaddr;
	IDT[55] = temp;

	irqaddr = (uint64_t) &irq56_handler;
	temp.OFF63_32 = (uint32_t) (irqaddr >> 32);
	temp.OFF31_16 = (uint16_t) (irqaddr >> 16);
	temp.OFF15_0 = (uint16_t) irqaddr;
	IDT[56] = temp;

	irqaddr = (uint64_t) &irq57_handler;
	temp.OFF63_32 = (uint32_t) (irqaddr >> 32);
	temp.OFF31_16 = (uint16_t) (irqaddr >> 16);
	temp.OFF15_0 = (uint16_t) irqaddr;
	IDT[57] = temp;

	irqaddr = (uint64_t) &irq58_handler;
	temp.OFF63_32 = (uint32_t) (irqaddr >> 32);
	temp.OFF31_16 = (uint16_t) (irqaddr >> 16);
	temp.OFF15_0 = (uint16_t) irqaddr;
	IDT[58] = temp;

	irqaddr = (uint64_t) &irq59_handler;
	temp.OFF63_32 = (uint32_t) (irqaddr >> 32);
	temp.OFF31_16 = (uint16_t) (irqaddr >> 16);
	temp.OFF15_0 = (uint16_t) irqaddr;
	IDT[59] = temp;

	irqaddr = (uint64_t) &irq60_handler;
	temp.OFF63_32 = (uint32_t) (irqaddr >> 32);
	temp.OFF31_16 = (uint16_t) (irqaddr >> 16);
	temp.OFF15_0 = (uint16_t) irqaddr;
	IDT[60] = temp;

	irqaddr = (uint64_t) &irq61_handler;
	temp.OFF63_32 = (uint32_t) (irqaddr >> 32);
	temp.OFF31_16 = (uint16_t) (irqaddr >> 16);
	temp.OFF15_0 = (uint16_t) irqaddr;
	IDT[61] = temp;

	irqaddr = (uint64_t) &irq62_handler;
	temp.OFF63_32 = (uint32_t) (irqaddr >> 32);
	temp.OFF31_16 = (uint16_t) (irqaddr >> 16);
	temp.OFF15_0 = (uint16_t) irqaddr;
	IDT[62] = temp;

	irqaddr = (uint64_t) &irq63_handler;
	temp.OFF63_32 = (uint32_t) (irqaddr >> 32);
	temp.OFF31_16 = (uint16_t) (irqaddr >> 16);
	temp.OFF15_0 = (uint16_t) irqaddr;
	IDT[63] = temp;

	irqaddr = (uint64_t) &irq64_handler;
	temp.OFF63_32 = (uint32_t) (irqaddr >> 32);
	temp.OFF31_16 = (uint16_t) (irqaddr >> 16);
	temp.OFF15_0 = (uint16_t) irqaddr;
	IDT[64] = temp;

	irqaddr = (uint64_t) &irq65_handler;
	temp.OFF63_32 = (uint32_t) (irqaddr >> 32);
	temp.OFF31_16 = (uint16_t) (irqaddr >> 16);
	temp.OFF15_0 = (uint16_t) irqaddr;
	IDT[65] = temp;

	irqaddr = (uint64_t) &irq66_handler;
	temp.OFF63_32 = (uint32_t) (irqaddr >> 32);
	temp.OFF31_16 = (uint16_t) (irqaddr >> 16);
	temp.OFF15_0 = (uint16_t) irqaddr;
	IDT[66] = temp;

	irqaddr = (uint64_t) &irq67_handler;
	temp.OFF63_32 = (uint32_t) (irqaddr >> 32);
	temp.OFF31_16 = (uint16_t) (irqaddr >> 16);
	temp.OFF15_0 = (uint16_t) irqaddr;
	IDT[67] = temp;

	irqaddr = (uint64_t) &irq68_handler;
	temp.OFF63_32 = (uint32_t) (irqaddr >> 32);
	temp.OFF31_16 = (uint16_t) (irqaddr >> 16);
	temp.OFF15_0 = (uint16_t) irqaddr;
	IDT[68] = temp;

	irqaddr = (uint64_t) &irq69_handler;
	temp.OFF63_32 = (uint32_t) (irqaddr >> 32);
	temp.OFF31_16 = (uint16_t) (irqaddr >> 16);
	temp.OFF15_0 = (uint16_t) irqaddr;
	IDT[69] = temp;

	irqaddr = (uint64_t) &irq70_handler;
	temp.OFF63_32 = (uint32_t) (irqaddr >> 32);
	temp.OFF31_16 = (uint16_t) (irqaddr >> 16);
	temp.OFF15_0 = (uint16_t) irqaddr;
	IDT[70] = temp;

	irqaddr = (uint64_t) &irq71_handler;
	temp.OFF63_32 = (uint32_t) (irqaddr >> 32);
	temp.OFF31_16 = (uint16_t) (irqaddr >> 16);
	temp.OFF15_0 = (uint16_t) irqaddr;
	IDT[71] = temp;

	irqaddr = (uint64_t) &irq72_handler;
	temp.OFF63_32 = (uint32_t) (irqaddr >> 32);
	temp.OFF31_16 = (uint16_t) (irqaddr >> 16);
	temp.OFF15_0 = (uint16_t) irqaddr;
	IDT[72] = temp;

	irqaddr = (uint64_t) &irq73_handler;
	temp.OFF63_32 = (uint32_t) (irqaddr >> 32);
	temp.OFF31_16 = (uint16_t) (irqaddr >> 16);
	temp.OFF15_0 = (uint16_t) irqaddr;
	IDT[73] = temp;

	irqaddr = (uint64_t) &irq74_handler;
	temp.OFF63_32 = (uint32_t) (irqaddr >> 32);
	temp.OFF31_16 = (uint16_t) (irqaddr >> 16);
	temp.OFF15_0 = (uint16_t) irqaddr;
	IDT[74] = temp;

	irqaddr = (uint64_t) &irq75_handler;
	temp.OFF63_32 = (uint32_t) (irqaddr >> 32);
	temp.OFF31_16 = (uint16_t) (irqaddr >> 16);
	temp.OFF15_0 = (uint16_t) irqaddr;
	IDT[75] = temp;

	irqaddr = (uint64_t) &irq76_handler;
	temp.OFF63_32 = (uint32_t) (irqaddr >> 32);
	temp.OFF31_16 = (uint16_t) (irqaddr >> 16);
	temp.OFF15_0 = (uint16_t) irqaddr;
	IDT[76] = temp;

	irqaddr = (uint64_t) &irq77_handler;
	temp.OFF63_32 = (uint32_t) (irqaddr >> 32);
	temp.OFF31_16 = (uint16_t) (irqaddr >> 16);
	temp.OFF15_0 = (uint16_t) irqaddr;
	IDT[77] = temp;

	irqaddr = (uint64_t) &irq78_handler;
	temp.OFF63_32 = (uint32_t) (irqaddr >> 32);
	temp.OFF31_16 = (uint16_t) (irqaddr >> 16);
	temp.OFF15_0 = (uint16_t) irqaddr;
	IDT[78] = temp;

	irqaddr = (uint64_t) &irq79_handler;
	temp.OFF63_32 = (uint32_t) (irqaddr >> 32);
	temp.OFF31_16 = (uint16_t) (irqaddr >> 16);
	temp.OFF15_0 = (uint16_t) irqaddr;
	IDT[79] = temp;

	irqaddr = (uint64_t) &irq80_handler;
	temp.OFF63_32 = (uint32_t) (irqaddr >> 32);
	temp.OFF31_16 = (uint16_t) (irqaddr >> 16);
	temp.OFF15_0 = (uint16_t) irqaddr;
	IDT[80] = temp;

	irqaddr = (uint64_t) &irq81_handler;
	temp.OFF63_32 = (uint32_t) (irqaddr >> 32);
	temp.OFF31_16 = (uint16_t) (irqaddr >> 16);
	temp.OFF15_0 = (uint16_t) irqaddr;
	IDT[81] = temp;

	irqaddr = (uint64_t) &irq82_handler;
	temp.OFF63_32 = (uint32_t) (irqaddr >> 32);
	temp.OFF31_16 = (uint16_t) (irqaddr >> 16);
	temp.OFF15_0 = (uint16_t) irqaddr;
	IDT[82] = temp;

	irqaddr = (uint64_t) &irq83_handler;
	temp.OFF63_32 = (uint32_t) (irqaddr >> 32);
	temp.OFF31_16 = (uint16_t) (irqaddr >> 16);
	temp.OFF15_0 = (uint16_t) irqaddr;
	IDT[83] = temp;

	irqaddr = (uint64_t) &irq84_handler;
	temp.OFF63_32 = (uint32_t) (irqaddr >> 32);
	temp.OFF31_16 = (uint16_t) (irqaddr >> 16);
	temp.OFF15_0 = (uint16_t) irqaddr;
	IDT[84] = temp;

	irqaddr = (uint64_t) &irq85_handler;
	temp.OFF63_32 = (uint32_t) (irqaddr >> 32);
	temp.OFF31_16 = (uint16_t) (irqaddr >> 16);
	temp.OFF15_0 = (uint16_t) irqaddr;
	IDT[85] = temp;

	irqaddr = (uint64_t) &irq86_handler;
	temp.OFF63_32 = (uint32_t) (irqaddr >> 32);
	temp.OFF31_16 = (uint16_t) (irqaddr >> 16);
	temp.OFF15_0 = (uint16_t) irqaddr;
	IDT[86] = temp;

	irqaddr = (uint64_t) &irq87_handler;
	temp.OFF63_32 = (uint32_t) (irqaddr >> 32);
	temp.OFF31_16 = (uint16_t) (irqaddr >> 16);
	temp.OFF15_0 = (uint16_t) irqaddr;
	IDT[87] = temp;

	irqaddr = (uint64_t) &irq88_handler;
	temp.OFF63_32 = (uint32_t) (irqaddr >> 32);
	temp.OFF31_16 = (uint16_t) (irqaddr >> 16);
	temp.OFF15_0 = (uint16_t) irqaddr;
	IDT[88] = temp;

	irqaddr = (uint64_t) &irq89_handler;
	temp.OFF63_32 = (uint32_t) (irqaddr >> 32);
	temp.OFF31_16 = (uint16_t) (irqaddr >> 16);
	temp.OFF15_0 = (uint16_t) irqaddr;
	IDT[89] = temp;

	irqaddr = (uint64_t) &irq90_handler;
	temp.OFF63_32 = (uint32_t) (irqaddr >> 32);
	temp.OFF31_16 = (uint16_t) (irqaddr >> 16);
	temp.OFF15_0 = (uint16_t) irqaddr;
	IDT[90] = temp;

	irqaddr = (uint64_t) &irq91_handler;
	temp.OFF63_32 = (uint32_t) (irqaddr >> 32);
	temp.OFF31_16 = (uint16_t) (irqaddr >> 16);
	temp.OFF15_0 = (uint16_t) irqaddr;
	IDT[91] = temp;

	irqaddr = (uint64_t) &irq92_handler;
	temp.OFF63_32 = (uint32_t) (irqaddr >> 32);
	temp.OFF31_16 = (uint16_t) (irqaddr >> 16);
	temp.OFF15_0 = (uint16_t) irqaddr;
	IDT[92] = temp;

	irqaddr = (uint64_t) &irq93_handler;
	temp.OFF63_32 = (uint32_t) (irqaddr >> 32);
	temp.OFF31_16 = (uint16_t) (irqaddr >> 16);
	temp.OFF15_0 = (uint16_t) irqaddr;
	IDT[93] = temp;

	irqaddr = (uint64_t) &irq94_handler;
	temp.OFF63_32 = (uint32_t) (irqaddr >> 32);
	temp.OFF31_16 = (uint16_t) (irqaddr >> 16);
	temp.OFF15_0 = (uint16_t) irqaddr;
	IDT[94] = temp;

	irqaddr = (uint64_t) &irq95_handler;
	temp.OFF63_32 = (uint32_t) (irqaddr >> 32);
	temp.OFF31_16 = (uint16_t) (irqaddr >> 16);
	temp.OFF15_0 = (uint16_t) irqaddr;
	IDT[95] = temp;

	irqaddr = (uint64_t) &irq96_handler;
	temp.OFF63_32 = (uint32_t) (irqaddr >> 32);
	temp.OFF31_16 = (uint16_t) (irqaddr >> 16);
	temp.OFF15_0 = (uint16_t) irqaddr;
	IDT[96] = temp;

	irqaddr = (uint64_t) &irq97_handler;
	temp.OFF63_32 = (uint32_t) (irqaddr >> 32);
	temp.OFF31_16 = (uint16_t) (irqaddr >> 16);
	temp.OFF15_0 = (uint16_t) irqaddr;
	IDT[97] = temp;

	irqaddr = (uint64_t) &irq98_handler;
	temp.OFF63_32 = (uint32_t) (irqaddr >> 32);
	temp.OFF31_16 = (uint16_t) (irqaddr >> 16);
	temp.OFF15_0 = (uint16_t) irqaddr;
	IDT[98] = temp;

	irqaddr = (uint64_t) &irq99_handler;
	temp.OFF63_32 = (uint32_t) (irqaddr >> 32);
	temp.OFF31_16 = (uint16_t) (irqaddr >> 16);
	temp.OFF15_0 = (uint16_t) irqaddr;
	IDT[99] = temp;

	irqaddr = (uint64_t) &irq100_handler;
	temp.OFF63_32 = (uint32_t) (irqaddr >> 32);
	temp.OFF31_16 = (uint16_t) (irqaddr >> 16);
	temp.OFF15_0 = (uint16_t) irqaddr;
	IDT[100] = temp;

	irqaddr = (uint64_t) &irq101_handler;
	temp.OFF63_32 = (uint32_t) (irqaddr >> 32);
	temp.OFF31_16 = (uint16_t) (irqaddr >> 16);
	temp.OFF15_0 = (uint16_t) irqaddr;
	IDT[101] = temp;

	irqaddr = (uint64_t) &irq102_handler;
	temp.OFF63_32 = (uint32_t) (irqaddr >> 32);
	temp.OFF31_16 = (uint16_t) (irqaddr >> 16);
	temp.OFF15_0 = (uint16_t) irqaddr;
	IDT[102] = temp;

	irqaddr = (uint64_t) &irq103_handler;
	temp.OFF63_32 = (uint32_t) (irqaddr >> 32);
	temp.OFF31_16 = (uint16_t) (irqaddr >> 16);
	temp.OFF15_0 = (uint16_t) irqaddr;
	IDT[103] = temp;

	irqaddr = (uint64_t) &irq104_handler;
	temp.OFF63_32 = (uint32_t) (irqaddr >> 32);
	temp.OFF31_16 = (uint16_t) (irqaddr >> 16);
	temp.OFF15_0 = (uint16_t) irqaddr;
	IDT[104] = temp;

	irqaddr = (uint64_t) &irq105_handler;
	temp.OFF63_32 = (uint32_t) (irqaddr >> 32);
	temp.OFF31_16 = (uint16_t) (irqaddr >> 16);
	temp.OFF15_0 = (uint16_t) irqaddr;
	IDT[105] = temp;

	irqaddr = (uint64_t) &irq106_handler;
	temp.OFF63_32 = (uint32_t) (irqaddr >> 32);
	temp.OFF31_16 = (uint16_t) (irqaddr >> 16);
	temp.OFF15_0 = (uint16_t) irqaddr;
	IDT[106] = temp;

	irqaddr = (uint64_t) &irq107_handler;
	temp.OFF63_32 = (uint32_t) (irqaddr >> 32);
	temp.OFF31_16 = (uint16_t) (irqaddr >> 16);
	temp.OFF15_0 = (uint16_t) irqaddr;
	IDT[107] = temp;

	irqaddr = (uint64_t) &irq108_handler;
	temp.OFF63_32 = (uint32_t) (irqaddr >> 32);
	temp.OFF31_16 = (uint16_t) (irqaddr >> 16);
	temp.OFF15_0 = (uint16_t) irqaddr;
	IDT[108] = temp;

	irqaddr = (uint64_t) &irq109_handler;
	temp.OFF63_32 = (uint32_t) (irqaddr >> 32);
	temp.OFF31_16 = (uint16_t) (irqaddr >> 16);
	temp.OFF15_0 = (uint16_t) irqaddr;
	IDT[109] = temp;

	irqaddr = (uint64_t) &irq110_handler;
	temp.OFF63_32 = (uint32_t) (irqaddr >> 32);
	temp.OFF31_16 = (uint16_t) (irqaddr >> 16);
	temp.OFF15_0 = (uint16_t) irqaddr;
	IDT[110] = temp;

	irqaddr = (uint64_t) &irq111_handler;
	temp.OFF63_32 = (uint32_t) (irqaddr >> 32);
	temp.OFF31_16 = (uint16_t) (irqaddr >> 16);
	temp.OFF15_0 = (uint16_t) irqaddr;
	IDT[111] = temp;

	irqaddr = (uint64_t) &irq112_handler;
	temp.OFF63_32 = (uint32_t) (irqaddr >> 32);
	temp.OFF31_16 = (uint16_t) (irqaddr >> 16);
	temp.OFF15_0 = (uint16_t) irqaddr;
	IDT[112] = temp;

	irqaddr = (uint64_t) &irq113_handler;
	temp.OFF63_32 = (uint32_t) (irqaddr >> 32);
	temp.OFF31_16 = (uint16_t) (irqaddr >> 16);
	temp.OFF15_0 = (uint16_t) irqaddr;
	IDT[113] = temp;

	irqaddr = (uint64_t) &irq114_handler;
	temp.OFF63_32 = (uint32_t) (irqaddr >> 32);
	temp.OFF31_16 = (uint16_t) (irqaddr >> 16);
	temp.OFF15_0 = (uint16_t) irqaddr;
	IDT[114] = temp;

	irqaddr = (uint64_t) &irq115_handler;
	temp.OFF63_32 = (uint32_t) (irqaddr >> 32);
	temp.OFF31_16 = (uint16_t) (irqaddr >> 16);
	temp.OFF15_0 = (uint16_t) irqaddr;
	IDT[115] = temp;

	irqaddr = (uint64_t) &irq116_handler;
	temp.OFF63_32 = (uint32_t) (irqaddr >> 32);
	temp.OFF31_16 = (uint16_t) (irqaddr >> 16);
	temp.OFF15_0 = (uint16_t) irqaddr;
	IDT[116] = temp;

	irqaddr = (uint64_t) &irq117_handler;
	temp.OFF63_32 = (uint32_t) (irqaddr >> 32);
	temp.OFF31_16 = (uint16_t) (irqaddr >> 16);
	temp.OFF15_0 = (uint16_t) irqaddr;
	IDT[117] = temp;

	irqaddr = (uint64_t) &irq118_handler;
	temp.OFF63_32 = (uint32_t) (irqaddr >> 32);
	temp.OFF31_16 = (uint16_t) (irqaddr >> 16);
	temp.OFF15_0 = (uint16_t) irqaddr;
	IDT[118] = temp;

	irqaddr = (uint64_t) &irq119_handler;
	temp.OFF63_32 = (uint32_t) (irqaddr >> 32);
	temp.OFF31_16 = (uint16_t) (irqaddr >> 16);
	temp.OFF15_0 = (uint16_t) irqaddr;
	IDT[119] = temp;

	irqaddr = (uint64_t) &irq120_handler;
	temp.OFF63_32 = (uint32_t) (irqaddr >> 32);
	temp.OFF31_16 = (uint16_t) (irqaddr >> 16);
	temp.OFF15_0 = (uint16_t) irqaddr;
	IDT[120] = temp;

	irqaddr = (uint64_t) &irq121_handler;
	temp.OFF63_32 = (uint32_t) (irqaddr >> 32);
	temp.OFF31_16 = (uint16_t) (irqaddr >> 16);
	temp.OFF15_0 = (uint16_t) irqaddr;
	IDT[121] = temp;

	irqaddr = (uint64_t) &irq122_handler;
	temp.OFF63_32 = (uint32_t) (irqaddr >> 32);
	temp.OFF31_16 = (uint16_t) (irqaddr >> 16);
	temp.OFF15_0 = (uint16_t) irqaddr;
	IDT[122] = temp;

	irqaddr = (uint64_t) &irq123_handler;
	temp.OFF63_32 = (uint32_t) (irqaddr >> 32);
	temp.OFF31_16 = (uint16_t) (irqaddr >> 16);
	temp.OFF15_0 = (uint16_t) irqaddr;
	IDT[123] = temp;

	irqaddr = (uint64_t) &irq124_handler;
	temp.OFF63_32 = (uint32_t) (irqaddr >> 32);
	temp.OFF31_16 = (uint16_t) (irqaddr >> 16);
	temp.OFF15_0 = (uint16_t) irqaddr;
	IDT[124] = temp;

	irqaddr = (uint64_t) &irq125_handler;
	temp.OFF63_32 = (uint32_t) (irqaddr >> 32);
	temp.OFF31_16 = (uint16_t) (irqaddr >> 16);
	temp.OFF15_0 = (uint16_t) irqaddr;
	IDT[125] = temp;

	irqaddr = (uint64_t) &irq126_handler;
	temp.OFF63_32 = (uint32_t) (irqaddr >> 32);
	temp.OFF31_16 = (uint16_t) (irqaddr >> 16);
	temp.OFF15_0 = (uint16_t) irqaddr;
	IDT[126] = temp;

	irqaddr = (uint64_t) &irq127_handler;
	temp.OFF63_32 = (uint32_t) (irqaddr >> 32);
	temp.OFF31_16 = (uint16_t) (irqaddr >> 16);
	temp.OFF15_0 = (uint16_t) irqaddr;
	IDT[127] = temp;

	irqaddr = (uint64_t) &irq128_handler;
	temp.OFF63_32 = (uint32_t) (irqaddr >> 32);
	temp.OFF31_16 = (uint16_t) (irqaddr >> 16);
	temp.OFF15_0 = (uint16_t) irqaddr;
	IDT[128] = temp;

	irqaddr = (uint64_t) &irq129_handler;
	temp.OFF63_32 = (uint32_t) (irqaddr >> 32);
	temp.OFF31_16 = (uint16_t) (irqaddr >> 16);
	temp.OFF15_0 = (uint16_t) irqaddr;
	IDT[129] = temp;

	irqaddr = (uint64_t) &irq130_handler;
	temp.OFF63_32 = (uint32_t) (irqaddr >> 32);
	temp.OFF31_16 = (uint16_t) (irqaddr >> 16);
	temp.OFF15_0 = (uint16_t) irqaddr;
	IDT[130] = temp;

	irqaddr = (uint64_t) &irq131_handler;
	temp.OFF63_32 = (uint32_t) (irqaddr >> 32);
	temp.OFF31_16 = (uint16_t) (irqaddr >> 16);
	temp.OFF15_0 = (uint16_t) irqaddr;
	IDT[131] = temp;

	irqaddr = (uint64_t) &irq132_handler;
	temp.OFF63_32 = (uint32_t) (irqaddr >> 32);
	temp.OFF31_16 = (uint16_t) (irqaddr >> 16);
	temp.OFF15_0 = (uint16_t) irqaddr;
	IDT[132] = temp;

	irqaddr = (uint64_t) &irq133_handler;
	temp.OFF63_32 = (uint32_t) (irqaddr >> 32);
	temp.OFF31_16 = (uint16_t) (irqaddr >> 16);
	temp.OFF15_0 = (uint16_t) irqaddr;
	IDT[133] = temp;

	irqaddr = (uint64_t) &irq134_handler;
	temp.OFF63_32 = (uint32_t) (irqaddr >> 32);
	temp.OFF31_16 = (uint16_t) (irqaddr >> 16);
	temp.OFF15_0 = (uint16_t) irqaddr;
	IDT[134] = temp;

	irqaddr = (uint64_t) &irq135_handler;
	temp.OFF63_32 = (uint32_t) (irqaddr >> 32);
	temp.OFF31_16 = (uint16_t) (irqaddr >> 16);
	temp.OFF15_0 = (uint16_t) irqaddr;
	IDT[135] = temp;

	irqaddr = (uint64_t) &irq136_handler;
	temp.OFF63_32 = (uint32_t) (irqaddr >> 32);
	temp.OFF31_16 = (uint16_t) (irqaddr >> 16);
	temp.OFF15_0 = (uint16_t) irqaddr;
	IDT[136] = temp;

	irqaddr = (uint64_t) &irq137_handler;
	temp.OFF63_32 = (uint32_t) (irqaddr >> 32);
	temp.OFF31_16 = (uint16_t) (irqaddr >> 16);
	temp.OFF15_0 = (uint16_t) irqaddr;
	IDT[137] = temp;

	irqaddr = (uint64_t) &irq138_handler;
	temp.OFF63_32 = (uint32_t) (irqaddr >> 32);
	temp.OFF31_16 = (uint16_t) (irqaddr >> 16);
	temp.OFF15_0 = (uint16_t) irqaddr;
	IDT[138] = temp;

	irqaddr = (uint64_t) &irq139_handler;
	temp.OFF63_32 = (uint32_t) (irqaddr >> 32);
	temp.OFF31_16 = (uint16_t) (irqaddr >> 16);
	temp.OFF15_0 = (uint16_t) irqaddr;
	IDT[139] = temp;

	irqaddr = (uint64_t) &irq140_handler;
	temp.OFF63_32 = (uint32_t) (irqaddr >> 32);
	temp.OFF31_16 = (uint16_t) (irqaddr >> 16);
	temp.OFF15_0 = (uint16_t) irqaddr;
	IDT[140] = temp;

	irqaddr = (uint64_t) &irq141_handler;
	temp.OFF63_32 = (uint32_t) (irqaddr >> 32);
	temp.OFF31_16 = (uint16_t) (irqaddr >> 16);
	temp.OFF15_0 = (uint16_t) irqaddr;
	IDT[141] = temp;

	irqaddr = (uint64_t) &irq142_handler;
	temp.OFF63_32 = (uint32_t) (irqaddr >> 32);
	temp.OFF31_16 = (uint16_t) (irqaddr >> 16);
	temp.OFF15_0 = (uint16_t) irqaddr;
	IDT[142] = temp;

	irqaddr = (uint64_t) &irq143_handler;
	temp.OFF63_32 = (uint32_t) (irqaddr >> 32);
	temp.OFF31_16 = (uint16_t) (irqaddr >> 16);
	temp.OFF15_0 = (uint16_t) irqaddr;
	IDT[143] = temp;

	irqaddr = (uint64_t) &irq144_handler;
	temp.OFF63_32 = (uint32_t) (irqaddr >> 32);
	temp.OFF31_16 = (uint16_t) (irqaddr >> 16);
	temp.OFF15_0 = (uint16_t) irqaddr;
	IDT[144] = temp;

	irqaddr = (uint64_t) &irq145_handler;
	temp.OFF63_32 = (uint32_t) (irqaddr >> 32);
	temp.OFF31_16 = (uint16_t) (irqaddr >> 16);
	temp.OFF15_0 = (uint16_t) irqaddr;
	IDT[145] = temp;

	irqaddr = (uint64_t) &irq146_handler;
	temp.OFF63_32 = (uint32_t) (irqaddr >> 32);
	temp.OFF31_16 = (uint16_t) (irqaddr >> 16);
	temp.OFF15_0 = (uint16_t) irqaddr;
	IDT[146] = temp;

	irqaddr = (uint64_t) &irq147_handler;
	temp.OFF63_32 = (uint32_t) (irqaddr >> 32);
	temp.OFF31_16 = (uint16_t) (irqaddr >> 16);
	temp.OFF15_0 = (uint16_t) irqaddr;
	IDT[147] = temp;

	irqaddr = (uint64_t) &irq148_handler;
	temp.OFF63_32 = (uint32_t) (irqaddr >> 32);
	temp.OFF31_16 = (uint16_t) (irqaddr >> 16);
	temp.OFF15_0 = (uint16_t) irqaddr;
	IDT[148] = temp;

	irqaddr = (uint64_t) &irq149_handler;
	temp.OFF63_32 = (uint32_t) (irqaddr >> 32);
	temp.OFF31_16 = (uint16_t) (irqaddr >> 16);
	temp.OFF15_0 = (uint16_t) irqaddr;
	IDT[149] = temp;

	irqaddr = (uint64_t) &irq150_handler;
	temp.OFF63_32 = (uint32_t) (irqaddr >> 32);
	temp.OFF31_16 = (uint16_t) (irqaddr >> 16);
	temp.OFF15_0 = (uint16_t) irqaddr;
	IDT[150] = temp;

	irqaddr = (uint64_t) &irq151_handler;
	temp.OFF63_32 = (uint32_t) (irqaddr >> 32);
	temp.OFF31_16 = (uint16_t) (irqaddr >> 16);
	temp.OFF15_0 = (uint16_t) irqaddr;
	IDT[151] = temp;

	irqaddr = (uint64_t) &irq152_handler;
	temp.OFF63_32 = (uint32_t) (irqaddr >> 32);
	temp.OFF31_16 = (uint16_t) (irqaddr >> 16);
	temp.OFF15_0 = (uint16_t) irqaddr;
	IDT[152] = temp;

	irqaddr = (uint64_t) &irq153_handler;
	temp.OFF63_32 = (uint32_t) (irqaddr >> 32);
	temp.OFF31_16 = (uint16_t) (irqaddr >> 16);
	temp.OFF15_0 = (uint16_t) irqaddr;
	IDT[153] = temp;

	irqaddr = (uint64_t) &irq154_handler;
	temp.OFF63_32 = (uint32_t) (irqaddr >> 32);
	temp.OFF31_16 = (uint16_t) (irqaddr >> 16);
	temp.OFF15_0 = (uint16_t) irqaddr;
	IDT[154] = temp;

	irqaddr = (uint64_t) &irq155_handler;
	temp.OFF63_32 = (uint32_t) (irqaddr >> 32);
	temp.OFF31_16 = (uint16_t) (irqaddr >> 16);
	temp.OFF15_0 = (uint16_t) irqaddr;
	IDT[155] = temp;

	irqaddr = (uint64_t) &irq156_handler;
	temp.OFF63_32 = (uint32_t) (irqaddr >> 32);
	temp.OFF31_16 = (uint16_t) (irqaddr >> 16);
	temp.OFF15_0 = (uint16_t) irqaddr;
	IDT[156] = temp;

	irqaddr = (uint64_t) &irq157_handler;
	temp.OFF63_32 = (uint32_t) (irqaddr >> 32);
	temp.OFF31_16 = (uint16_t) (irqaddr >> 16);
	temp.OFF15_0 = (uint16_t) irqaddr;
	IDT[157] = temp;

	irqaddr = (uint64_t) &irq158_handler;
	temp.OFF63_32 = (uint32_t) (irqaddr >> 32);
	temp.OFF31_16 = (uint16_t) (irqaddr >> 16);
	temp.OFF15_0 = (uint16_t) irqaddr;
	IDT[158] = temp;

	irqaddr = (uint64_t) &irq159_handler;
	temp.OFF63_32 = (uint32_t) (irqaddr >> 32);
	temp.OFF31_16 = (uint16_t) (irqaddr >> 16);
	temp.OFF15_0 = (uint16_t) irqaddr;
	IDT[159] = temp;

	irqaddr = (uint64_t) &irq160_handler;
	temp.OFF63_32 = (uint32_t) (irqaddr >> 32);
	temp.OFF31_16 = (uint16_t) (irqaddr >> 16);
	temp.OFF15_0 = (uint16_t) irqaddr;
	IDT[160] = temp;

	irqaddr = (uint64_t) &irq161_handler;
	temp.OFF63_32 = (uint32_t) (irqaddr >> 32);
	temp.OFF31_16 = (uint16_t) (irqaddr >> 16);
	temp.OFF15_0 = (uint16_t) irqaddr;
	IDT[161] = temp;

	irqaddr = (uint64_t) &irq162_handler;
	temp.OFF63_32 = (uint32_t) (irqaddr >> 32);
	temp.OFF31_16 = (uint16_t) (irqaddr >> 16);
	temp.OFF15_0 = (uint16_t) irqaddr;
	IDT[162] = temp;

	irqaddr = (uint64_t) &irq163_handler;
	temp.OFF63_32 = (uint32_t) (irqaddr >> 32);
	temp.OFF31_16 = (uint16_t) (irqaddr >> 16);
	temp.OFF15_0 = (uint16_t) irqaddr;
	IDT[163] = temp;

	irqaddr = (uint64_t) &irq164_handler;
	temp.OFF63_32 = (uint32_t) (irqaddr >> 32);
	temp.OFF31_16 = (uint16_t) (irqaddr >> 16);
	temp.OFF15_0 = (uint16_t) irqaddr;
	IDT[164] = temp;

	irqaddr = (uint64_t) &irq165_handler;
	temp.OFF63_32 = (uint32_t) (irqaddr >> 32);
	temp.OFF31_16 = (uint16_t) (irqaddr >> 16);
	temp.OFF15_0 = (uint16_t) irqaddr;
	IDT[165] = temp;

	irqaddr = (uint64_t) &irq166_handler;
	temp.OFF63_32 = (uint32_t) (irqaddr >> 32);
	temp.OFF31_16 = (uint16_t) (irqaddr >> 16);
	temp.OFF15_0 = (uint16_t) irqaddr;
	IDT[166] = temp;

	irqaddr = (uint64_t) &irq167_handler;
	temp.OFF63_32 = (uint32_t) (irqaddr >> 32);
	temp.OFF31_16 = (uint16_t) (irqaddr >> 16);
	temp.OFF15_0 = (uint16_t) irqaddr;
	IDT[167] = temp;

	irqaddr = (uint64_t) &irq168_handler;
	temp.OFF63_32 = (uint32_t) (irqaddr >> 32);
	temp.OFF31_16 = (uint16_t) (irqaddr >> 16);
	temp.OFF15_0 = (uint16_t) irqaddr;
	IDT[168] = temp;

	irqaddr = (uint64_t) &irq169_handler;
	temp.OFF63_32 = (uint32_t) (irqaddr >> 32);
	temp.OFF31_16 = (uint16_t) (irqaddr >> 16);
	temp.OFF15_0 = (uint16_t) irqaddr;
	IDT[169] = temp;

	irqaddr = (uint64_t) &irq170_handler;
	temp.OFF63_32 = (uint32_t) (irqaddr >> 32);
	temp.OFF31_16 = (uint16_t) (irqaddr >> 16);
	temp.OFF15_0 = (uint16_t) irqaddr;
	IDT[170] = temp;

	irqaddr = (uint64_t) &irq171_handler;
	temp.OFF63_32 = (uint32_t) (irqaddr >> 32);
	temp.OFF31_16 = (uint16_t) (irqaddr >> 16);
	temp.OFF15_0 = (uint16_t) irqaddr;
	IDT[171] = temp;

	irqaddr = (uint64_t) &irq172_handler;
	temp.OFF63_32 = (uint32_t) (irqaddr >> 32);
	temp.OFF31_16 = (uint16_t) (irqaddr >> 16);
	temp.OFF15_0 = (uint16_t) irqaddr;
	IDT[172] = temp;

	irqaddr = (uint64_t) &irq173_handler;
	temp.OFF63_32 = (uint32_t) (irqaddr >> 32);
	temp.OFF31_16 = (uint16_t) (irqaddr >> 16);
	temp.OFF15_0 = (uint16_t) irqaddr;
	IDT[173] = temp;

	irqaddr = (uint64_t) &irq174_handler;
	temp.OFF63_32 = (uint32_t) (irqaddr >> 32);
	temp.OFF31_16 = (uint16_t) (irqaddr >> 16);
	temp.OFF15_0 = (uint16_t) irqaddr;
	IDT[174] = temp;

	irqaddr = (uint64_t) &irq175_handler;
	temp.OFF63_32 = (uint32_t) (irqaddr >> 32);
	temp.OFF31_16 = (uint16_t) (irqaddr >> 16);
	temp.OFF15_0 = (uint16_t) irqaddr;
	IDT[175] = temp;

	irqaddr = (uint64_t) &irq176_handler;
	temp.OFF63_32 = (uint32_t) (irqaddr >> 32);
	temp.OFF31_16 = (uint16_t) (irqaddr >> 16);
	temp.OFF15_0 = (uint16_t) irqaddr;
	IDT[176] = temp;

	irqaddr = (uint64_t) &irq177_handler;
	temp.OFF63_32 = (uint32_t) (irqaddr >> 32);
	temp.OFF31_16 = (uint16_t) (irqaddr >> 16);
	temp.OFF15_0 = (uint16_t) irqaddr;
	IDT[177] = temp;

	irqaddr = (uint64_t) &irq178_handler;
	temp.OFF63_32 = (uint32_t) (irqaddr >> 32);
	temp.OFF31_16 = (uint16_t) (irqaddr >> 16);
	temp.OFF15_0 = (uint16_t) irqaddr;
	IDT[178] = temp;

	irqaddr = (uint64_t) &irq179_handler;
	temp.OFF63_32 = (uint32_t) (irqaddr >> 32);
	temp.OFF31_16 = (uint16_t) (irqaddr >> 16);
	temp.OFF15_0 = (uint16_t) irqaddr;
	IDT[179] = temp;

	irqaddr = (uint64_t) &irq180_handler;
	temp.OFF63_32 = (uint32_t) (irqaddr >> 32);
	temp.OFF31_16 = (uint16_t) (irqaddr >> 16);
	temp.OFF15_0 = (uint16_t) irqaddr;
	IDT[180] = temp;

	irqaddr = (uint64_t) &irq181_handler;
	temp.OFF63_32 = (uint32_t) (irqaddr >> 32);
	temp.OFF31_16 = (uint16_t) (irqaddr >> 16);
	temp.OFF15_0 = (uint16_t) irqaddr;
	IDT[181] = temp;

	irqaddr = (uint64_t) &irq182_handler;
	temp.OFF63_32 = (uint32_t) (irqaddr >> 32);
	temp.OFF31_16 = (uint16_t) (irqaddr >> 16);
	temp.OFF15_0 = (uint16_t) irqaddr;
	IDT[182] = temp;

	irqaddr = (uint64_t) &irq183_handler;
	temp.OFF63_32 = (uint32_t) (irqaddr >> 32);
	temp.OFF31_16 = (uint16_t) (irqaddr >> 16);
	temp.OFF15_0 = (uint16_t) irqaddr;
	IDT[183] = temp;

	irqaddr = (uint64_t) &irq184_handler;
	temp.OFF63_32 = (uint32_t) (irqaddr >> 32);
	temp.OFF31_16 = (uint16_t) (irqaddr >> 16);
	temp.OFF15_0 = (uint16_t) irqaddr;
	IDT[184] = temp;

	irqaddr = (uint64_t) &irq185_handler;
	temp.OFF63_32 = (uint32_t) (irqaddr >> 32);
	temp.OFF31_16 = (uint16_t) (irqaddr >> 16);
	temp.OFF15_0 = (uint16_t) irqaddr;
	IDT[185] = temp;

	irqaddr = (uint64_t) &irq186_handler;
	temp.OFF63_32 = (uint32_t) (irqaddr >> 32);
	temp.OFF31_16 = (uint16_t) (irqaddr >> 16);
	temp.OFF15_0 = (uint16_t) irqaddr;
	IDT[186] = temp;

	irqaddr = (uint64_t) &irq187_handler;
	temp.OFF63_32 = (uint32_t) (irqaddr >> 32);
	temp.OFF31_16 = (uint16_t) (irqaddr >> 16);
	temp.OFF15_0 = (uint16_t) irqaddr;
	IDT[187] = temp;

	irqaddr = (uint64_t) &irq188_handler;
	temp.OFF63_32 = (uint32_t) (irqaddr >> 32);
	temp.OFF31_16 = (uint16_t) (irqaddr >> 16);
	temp.OFF15_0 = (uint16_t) irqaddr;
	IDT[188] = temp;

	irqaddr = (uint64_t) &irq189_handler;
	temp.OFF63_32 = (uint32_t) (irqaddr >> 32);
	temp.OFF31_16 = (uint16_t) (irqaddr >> 16);
	temp.OFF15_0 = (uint16_t) irqaddr;
	IDT[189] = temp;

	irqaddr = (uint64_t) &irq190_handler;
	temp.OFF63_32 = (uint32_t) (irqaddr >> 32);
	temp.OFF31_16 = (uint16_t) (irqaddr >> 16);
	temp.OFF15_0 = (uint16_t) irqaddr;
	IDT[190] = temp;

	irqaddr = (uint64_t) &irq191_handler;
	temp.OFF63_32 = (uint32_t) (irqaddr >> 32);
	temp.OFF31_16 = (uint16_t) (irqaddr >> 16);
	temp.OFF15_0 = (uint16_t) irqaddr;
	IDT[191] = temp;

	irqaddr = (uint64_t) &irq192_handler;
	temp.OFF63_32 = (uint32_t) (irqaddr >> 32);
	temp.OFF31_16 = (uint16_t) (irqaddr >> 16);
	temp.OFF15_0 = (uint16_t) irqaddr;
	IDT[192] = temp;

	irqaddr = (uint64_t) &irq193_handler;
	temp.OFF63_32 = (uint32_t) (irqaddr >> 32);
	temp.OFF31_16 = (uint16_t) (irqaddr >> 16);
	temp.OFF15_0 = (uint16_t) irqaddr;
	IDT[193] = temp;

	irqaddr = (uint64_t) &irq194_handler;
	temp.OFF63_32 = (uint32_t) (irqaddr >> 32);
	temp.OFF31_16 = (uint16_t) (irqaddr >> 16);
	temp.OFF15_0 = (uint16_t) irqaddr;
	IDT[194] = temp;

	irqaddr = (uint64_t) &irq195_handler;
	temp.OFF63_32 = (uint32_t) (irqaddr >> 32);
	temp.OFF31_16 = (uint16_t) (irqaddr >> 16);
	temp.OFF15_0 = (uint16_t) irqaddr;
	IDT[195] = temp;

	irqaddr = (uint64_t) &irq196_handler;
	temp.OFF63_32 = (uint32_t) (irqaddr >> 32);
	temp.OFF31_16 = (uint16_t) (irqaddr >> 16);
	temp.OFF15_0 = (uint16_t) irqaddr;
	IDT[196] = temp;

	irqaddr = (uint64_t) &irq197_handler;
	temp.OFF63_32 = (uint32_t) (irqaddr >> 32);
	temp.OFF31_16 = (uint16_t) (irqaddr >> 16);
	temp.OFF15_0 = (uint16_t) irqaddr;
	IDT[197] = temp;

	irqaddr = (uint64_t) &irq198_handler;
	temp.OFF63_32 = (uint32_t) (irqaddr >> 32);
	temp.OFF31_16 = (uint16_t) (irqaddr >> 16);
	temp.OFF15_0 = (uint16_t) irqaddr;
	IDT[198] = temp;

	irqaddr = (uint64_t) &irq199_handler;
	temp.OFF63_32 = (uint32_t) (irqaddr >> 32);
	temp.OFF31_16 = (uint16_t) (irqaddr >> 16);
	temp.OFF15_0 = (uint16_t) irqaddr;
	IDT[199] = temp;

	irqaddr = (uint64_t) &irq200_handler;
	temp.OFF63_32 = (uint32_t) (irqaddr >> 32);
	temp.OFF31_16 = (uint16_t) (irqaddr >> 16);
	temp.OFF15_0 = (uint16_t) irqaddr;
	IDT[200] = temp;

	irqaddr = (uint64_t) &irq201_handler;
	temp.OFF63_32 = (uint32_t) (irqaddr >> 32);
	temp.OFF31_16 = (uint16_t) (irqaddr >> 16);
	temp.OFF15_0 = (uint16_t) irqaddr;
	IDT[201] = temp;

	irqaddr = (uint64_t) &irq202_handler;
	temp.OFF63_32 = (uint32_t) (irqaddr >> 32);
	temp.OFF31_16 = (uint16_t) (irqaddr >> 16);
	temp.OFF15_0 = (uint16_t) irqaddr;
	IDT[202] = temp;

	irqaddr = (uint64_t) &irq203_handler;
	temp.OFF63_32 = (uint32_t) (irqaddr >> 32);
	temp.OFF31_16 = (uint16_t) (irqaddr >> 16);
	temp.OFF15_0 = (uint16_t) irqaddr;
	IDT[203] = temp;

	irqaddr = (uint64_t) &irq204_handler;
	temp.OFF63_32 = (uint32_t) (irqaddr >> 32);
	temp.OFF31_16 = (uint16_t) (irqaddr >> 16);
	temp.OFF15_0 = (uint16_t) irqaddr;
	IDT[204] = temp;

	irqaddr = (uint64_t) &irq205_handler;
	temp.OFF63_32 = (uint32_t) (irqaddr >> 32);
	temp.OFF31_16 = (uint16_t) (irqaddr >> 16);
	temp.OFF15_0 = (uint16_t) irqaddr;
	IDT[205] = temp;

	irqaddr = (uint64_t) &irq206_handler;
	temp.OFF63_32 = (uint32_t) (irqaddr >> 32);
	temp.OFF31_16 = (uint16_t) (irqaddr >> 16);
	temp.OFF15_0 = (uint16_t) irqaddr;
	IDT[206] = temp;

	irqaddr = (uint64_t) &irq207_handler;
	temp.OFF63_32 = (uint32_t) (irqaddr >> 32);
	temp.OFF31_16 = (uint16_t) (irqaddr >> 16);
	temp.OFF15_0 = (uint16_t) irqaddr;
	IDT[207] = temp;

	irqaddr = (uint64_t) &irq208_handler;
	temp.OFF63_32 = (uint32_t) (irqaddr >> 32);
	temp.OFF31_16 = (uint16_t) (irqaddr >> 16);
	temp.OFF15_0 = (uint16_t) irqaddr;
	IDT[208] = temp;

	irqaddr = (uint64_t) &irq209_handler;
	temp.OFF63_32 = (uint32_t) (irqaddr >> 32);
	temp.OFF31_16 = (uint16_t) (irqaddr >> 16);
	temp.OFF15_0 = (uint16_t) irqaddr;
	IDT[209] = temp;

	irqaddr = (uint64_t) &irq210_handler;
	temp.OFF63_32 = (uint32_t) (irqaddr >> 32);
	temp.OFF31_16 = (uint16_t) (irqaddr >> 16);
	temp.OFF15_0 = (uint16_t) irqaddr;
	IDT[210] = temp;

	irqaddr = (uint64_t) &irq211_handler;
	temp.OFF63_32 = (uint32_t) (irqaddr >> 32);
	temp.OFF31_16 = (uint16_t) (irqaddr >> 16);
	temp.OFF15_0 = (uint16_t) irqaddr;
	IDT[211] = temp;

	irqaddr = (uint64_t) &irq212_handler;
	temp.OFF63_32 = (uint32_t) (irqaddr >> 32);
	temp.OFF31_16 = (uint16_t) (irqaddr >> 16);
	temp.OFF15_0 = (uint16_t) irqaddr;
	IDT[212] = temp;

	irqaddr = (uint64_t) &irq213_handler;
	temp.OFF63_32 = (uint32_t) (irqaddr >> 32);
	temp.OFF31_16 = (uint16_t) (irqaddr >> 16);
	temp.OFF15_0 = (uint16_t) irqaddr;
	IDT[213] = temp;

	irqaddr = (uint64_t) &irq214_handler;
	temp.OFF63_32 = (uint32_t) (irqaddr >> 32);
	temp.OFF31_16 = (uint16_t) (irqaddr >> 16);
	temp.OFF15_0 = (uint16_t) irqaddr;
	IDT[214] = temp;

	irqaddr = (uint64_t) &irq215_handler;
	temp.OFF63_32 = (uint32_t) (irqaddr >> 32);
	temp.OFF31_16 = (uint16_t) (irqaddr >> 16);
	temp.OFF15_0 = (uint16_t) irqaddr;
	IDT[215] = temp;

	irqaddr = (uint64_t) &irq216_handler;
	temp.OFF63_32 = (uint32_t) (irqaddr >> 32);
	temp.OFF31_16 = (uint16_t) (irqaddr >> 16);
	temp.OFF15_0 = (uint16_t) irqaddr;
	IDT[216] = temp;

	irqaddr = (uint64_t) &irq217_handler;
	temp.OFF63_32 = (uint32_t) (irqaddr >> 32);
	temp.OFF31_16 = (uint16_t) (irqaddr >> 16);
	temp.OFF15_0 = (uint16_t) irqaddr;
	IDT[217] = temp;

	irqaddr = (uint64_t) &irq218_handler;
	temp.OFF63_32 = (uint32_t) (irqaddr >> 32);
	temp.OFF31_16 = (uint16_t) (irqaddr >> 16);
	temp.OFF15_0 = (uint16_t) irqaddr;
	IDT[218] = temp;

	irqaddr = (uint64_t) &irq219_handler;
	temp.OFF63_32 = (uint32_t) (irqaddr >> 32);
	temp.OFF31_16 = (uint16_t) (irqaddr >> 16);
	temp.OFF15_0 = (uint16_t) irqaddr;
	IDT[219] = temp;

	irqaddr = (uint64_t) &irq220_handler;
	temp.OFF63_32 = (uint32_t) (irqaddr >> 32);
	temp.OFF31_16 = (uint16_t) (irqaddr >> 16);
	temp.OFF15_0 = (uint16_t) irqaddr;
	IDT[220] = temp;

	irqaddr = (uint64_t) &irq221_handler;
	temp.OFF63_32 = (uint32_t) (irqaddr >> 32);
	temp.OFF31_16 = (uint16_t) (irqaddr >> 16);
	temp.OFF15_0 = (uint16_t) irqaddr;
	IDT[221] = temp;

	irqaddr = (uint64_t) &irq222_handler;
	temp.OFF63_32 = (uint32_t) (irqaddr >> 32);
	temp.OFF31_16 = (uint16_t) (irqaddr >> 16);
	temp.OFF15_0 = (uint16_t) irqaddr;
	IDT[222] = temp;

	irqaddr = (uint64_t) &irq223_handler;
	temp.OFF63_32 = (uint32_t) (irqaddr >> 32);
	temp.OFF31_16 = (uint16_t) (irqaddr >> 16);
	temp.OFF15_0 = (uint16_t) irqaddr;
	IDT[223] = temp;

	irqaddr = (uint64_t) &irq224_handler;
	temp.OFF63_32 = (uint32_t) (irqaddr >> 32);
	temp.OFF31_16 = (uint16_t) (irqaddr >> 16);
	temp.OFF15_0 = (uint16_t) irqaddr;
	IDT[224] = temp;

	irqaddr = (uint64_t) &irq225_handler;
	temp.OFF63_32 = (uint32_t) (irqaddr >> 32);
	temp.OFF31_16 = (uint16_t) (irqaddr >> 16);
	temp.OFF15_0 = (uint16_t) irqaddr;
	IDT[225] = temp;

	irqaddr = (uint64_t) &irq226_handler;
	temp.OFF63_32 = (uint32_t) (irqaddr >> 32);
	temp.OFF31_16 = (uint16_t) (irqaddr >> 16);
	temp.OFF15_0 = (uint16_t) irqaddr;
	IDT[226] = temp;

	irqaddr = (uint64_t) &irq227_handler;
	temp.OFF63_32 = (uint32_t) (irqaddr >> 32);
	temp.OFF31_16 = (uint16_t) (irqaddr >> 16);
	temp.OFF15_0 = (uint16_t) irqaddr;
	IDT[227] = temp;

	irqaddr = (uint64_t) &irq228_handler;
	temp.OFF63_32 = (uint32_t) (irqaddr >> 32);
	temp.OFF31_16 = (uint16_t) (irqaddr >> 16);
	temp.OFF15_0 = (uint16_t) irqaddr;
	IDT[228] = temp;

	irqaddr = (uint64_t) &irq229_handler;
	temp.OFF63_32 = (uint32_t) (irqaddr >> 32);
	temp.OFF31_16 = (uint16_t) (irqaddr >> 16);
	temp.OFF15_0 = (uint16_t) irqaddr;
	IDT[229] = temp;

	irqaddr = (uint64_t) &irq230_handler;
	temp.OFF63_32 = (uint32_t) (irqaddr >> 32);
	temp.OFF31_16 = (uint16_t) (irqaddr >> 16);
	temp.OFF15_0 = (uint16_t) irqaddr;
	IDT[230] = temp;

	irqaddr = (uint64_t) &irq231_handler;
	temp.OFF63_32 = (uint32_t) (irqaddr >> 32);
	temp.OFF31_16 = (uint16_t) (irqaddr >> 16);
	temp.OFF15_0 = (uint16_t) irqaddr;
	IDT[231] = temp;

	irqaddr = (uint64_t) &irq232_handler;
	temp.OFF63_32 = (uint32_t) (irqaddr >> 32);
	temp.OFF31_16 = (uint16_t) (irqaddr >> 16);
	temp.OFF15_0 = (uint16_t) irqaddr;
	IDT[232] = temp;

	irqaddr = (uint64_t) &irq233_handler;
	temp.OFF63_32 = (uint32_t) (irqaddr >> 32);
	temp.OFF31_16 = (uint16_t) (irqaddr >> 16);
	temp.OFF15_0 = (uint16_t) irqaddr;
	IDT[233] = temp;

	irqaddr = (uint64_t) &irq234_handler;
	temp.OFF63_32 = (uint32_t) (irqaddr >> 32);
	temp.OFF31_16 = (uint16_t) (irqaddr >> 16);
	temp.OFF15_0 = (uint16_t) irqaddr;
	IDT[234] = temp;

	irqaddr = (uint64_t) &irq235_handler;
	temp.OFF63_32 = (uint32_t) (irqaddr >> 32);
	temp.OFF31_16 = (uint16_t) (irqaddr >> 16);
	temp.OFF15_0 = (uint16_t) irqaddr;
	IDT[235] = temp;

	irqaddr = (uint64_t) &irq236_handler;
	temp.OFF63_32 = (uint32_t) (irqaddr >> 32);
	temp.OFF31_16 = (uint16_t) (irqaddr >> 16);
	temp.OFF15_0 = (uint16_t) irqaddr;
	IDT[236] = temp;

	irqaddr = (uint64_t) &irq237_handler;
	temp.OFF63_32 = (uint32_t) (irqaddr >> 32);
	temp.OFF31_16 = (uint16_t) (irqaddr >> 16);
	temp.OFF15_0 = (uint16_t) irqaddr;
	IDT[237] = temp;

	irqaddr = (uint64_t) &irq238_handler;
	temp.OFF63_32 = (uint32_t) (irqaddr >> 32);
	temp.OFF31_16 = (uint16_t) (irqaddr >> 16);
	temp.OFF15_0 = (uint16_t) irqaddr;
	IDT[238] = temp;

	irqaddr = (uint64_t) &irq239_handler;
	temp.OFF63_32 = (uint32_t) (irqaddr >> 32);
	temp.OFF31_16 = (uint16_t) (irqaddr >> 16);
	temp.OFF15_0 = (uint16_t) irqaddr;
	IDT[239] = temp;

	irqaddr = (uint64_t) &irq240_handler;
	temp.OFF63_32 = (uint32_t) (irqaddr >> 32);
	temp.OFF31_16 = (uint16_t) (irqaddr >> 16);
	temp.OFF15_0 = (uint16_t) irqaddr;
	IDT[240] = temp;

	irqaddr = (uint64_t) &irq241_handler;
	temp.OFF63_32 = (uint32_t) (irqaddr >> 32);
	temp.OFF31_16 = (uint16_t) (irqaddr >> 16);
	temp.OFF15_0 = (uint16_t) irqaddr;
	IDT[241] = temp;

	irqaddr = (uint64_t) &irq242_handler;
	temp.OFF63_32 = (uint32_t) (irqaddr >> 32);
	temp.OFF31_16 = (uint16_t) (irqaddr >> 16);
	temp.OFF15_0 = (uint16_t) irqaddr;
	IDT[242] = temp;

	irqaddr = (uint64_t) &irq243_handler;
	temp.OFF63_32 = (uint32_t) (irqaddr >> 32);
	temp.OFF31_16 = (uint16_t) (irqaddr >> 16);
	temp.OFF15_0 = (uint16_t) irqaddr;
	IDT[243] = temp;

	irqaddr = (uint64_t) &irq244_handler;
	temp.OFF63_32 = (uint32_t) (irqaddr >> 32);
	temp.OFF31_16 = (uint16_t) (irqaddr >> 16);
	temp.OFF15_0 = (uint16_t) irqaddr;
	IDT[244] = temp;

	irqaddr = (uint64_t) &irq245_handler;
	temp.OFF63_32 = (uint32_t) (irqaddr >> 32);
	temp.OFF31_16 = (uint16_t) (irqaddr >> 16);
	temp.OFF15_0 = (uint16_t) irqaddr;
	IDT[245] = temp;

	irqaddr = (uint64_t) &irq246_handler;
	temp.OFF63_32 = (uint32_t) (irqaddr >> 32);
	temp.OFF31_16 = (uint16_t) (irqaddr >> 16);
	temp.OFF15_0 = (uint16_t) irqaddr;
	IDT[246] = temp;

	irqaddr = (uint64_t) &irq247_handler;
	temp.OFF63_32 = (uint32_t) (irqaddr >> 32);
	temp.OFF31_16 = (uint16_t) (irqaddr >> 16);
	temp.OFF15_0 = (uint16_t) irqaddr;
	IDT[247] = temp;

	irqaddr = (uint64_t) &irq248_handler;
	temp.OFF63_32 = (uint32_t) (irqaddr >> 32);
	temp.OFF31_16 = (uint16_t) (irqaddr >> 16);
	temp.OFF15_0 = (uint16_t) irqaddr;
	IDT[248] = temp;

	irqaddr = (uint64_t) &irq249_handler;
	temp.OFF63_32 = (uint32_t) (irqaddr >> 32);
	temp.OFF31_16 = (uint16_t) (irqaddr >> 16);
	temp.OFF15_0 = (uint16_t) irqaddr;
	IDT[249] = temp;

	irqaddr = (uint64_t) &irq250_handler;
	temp.OFF63_32 = (uint32_t) (irqaddr >> 32);
	temp.OFF31_16 = (uint16_t) (irqaddr >> 16);
	temp.OFF15_0 = (uint16_t) irqaddr;
	IDT[250] = temp;

	irqaddr = (uint64_t) &irq251_handler;
	temp.OFF63_32 = (uint32_t) (irqaddr >> 32);
	temp.OFF31_16 = (uint16_t) (irqaddr >> 16);
	temp.OFF15_0 = (uint16_t) irqaddr;
	IDT[251] = temp;

	irqaddr = (uint64_t) &irq252_handler;
	temp.OFF63_32 = (uint32_t) (irqaddr >> 32);
	temp.OFF31_16 = (uint16_t) (irqaddr >> 16);
	temp.OFF15_0 = (uint16_t) irqaddr;
	IDT[252] = temp;

	irqaddr = (uint64_t) &irq253_handler;
	temp.OFF63_32 = (uint32_t) (irqaddr >> 32);
	temp.OFF31_16 = (uint16_t) (irqaddr >> 16);
	temp.OFF15_0 = (uint16_t) irqaddr;
	IDT[253] = temp;

	irqaddr = (uint64_t) &irq254_handler;
	temp.OFF63_32 = (uint32_t) (irqaddr >> 32);
	temp.OFF31_16 = (uint16_t) (irqaddr >> 16);
	temp.OFF15_0 = (uint16_t) irqaddr;
	IDT[254] = temp;

	irqaddr = (uint64_t) &irq255_handler;
	temp.OFF63_32 = (uint32_t) (irqaddr >> 32);
	temp.OFF31_16 = (uint16_t) (irqaddr >> 16);
	temp.OFF15_0 = (uint16_t) irqaddr;
	IDT[255] = temp;

